<?xml version="1.0" encoding="UTF-8"?>
<testng-results skipped="0" failed="0" ignored="0" total="1" passed="1">
  <reporter-output>
  </reporter-output>
  <suite name="Default suite" duration-ms="6314" started-at="2023-02-26T07:06:10Z" finished-at="2023-02-26T07:06:16Z">
    <groups>
    </groups>
    <test name="Default test" duration-ms="6314" started-at="2023-02-26T07:06:10Z" finished-at="2023-02-26T07:06:16Z">
      <class name="org.fb.FbError">
        <test-method status="PASS" signature="test1()[pri:0, instance:org.fb.FbError@7e0b0338]" name="test1" duration-ms="6292" started-at="2023-02-26T07:06:10Z" finished-at="2023-02-26T07:06:16Z">
          <reporter-output>
          </reporter-output>
        </test-method> <!-- test1 -->
      </class> <!-- org.fb.FbError -->
    </test> <!-- Default test -->
  </suite> <!-- Default suite -->
</testng-results>
